<?xml version="1.0" encoding="UTF-8"?>
<!-- Generated by org.testng.reporters.JUnitXMLReporter -->
<testsuite ignored="0" hostname="DESKTOP-16E76H9" failures="0" tests="12" name="Test" time="0.211" errors="0" timestamp="2022-05-04T09:48:00 IST">
  <testcase classname="TestAnnotation.Testcase1" name="m1" time="0.01"/>
  <testcase classname="TestAnnotation.Testcase1" name="m2" time="0.006"/>
  <testcase classname="TestAnnotation.Testcase1" name="m3" time="0.004"/>
  <testcase classname="TestAnnotation.Testcase2" name="m4" time="0.003"/>
  <testcase classname="TestAnnotation.Testcase2" name="m5" time="0.01"/>
  <testcase classname="TestAnnotation.Testcase2" name="m6" time="0.007"/>
  <testcase classname="TestAnnotation.Testcase3" name="m1" time="0.003"/>
  <testcase classname="TestAnnotation.Testcase3" name="m2" time="0.004"/>
  <testcase classname="TestAnnotation.Testcase3" name="m3" time="0.004"/>
  <testcase classname="TestAnnotation.Testcase4" name="m4" time="0.004"/>
  <testcase classname="TestAnnotation.Testcase4" name="m5" time="0.004"/>
  <testcase classname="TestAnnotation.Testcase4" name="m6" time="0.002"/>
</testsuite> <!-- Test -->
