<?xml version="1.0" encoding="UTF-8"?>
<!-- Generated by org.testng.reporters.JUnitXMLReporter -->
<testsuite ignored="6" hostname="DESKTOP-16E76H9" failures="0" tests="3" name="regression Test" time="0.119" errors="0" timestamp="2022-05-06T12:28:12 IST">
  <testcase classname="GroupingPractice.Testcase1" name="test3" time="0.012"/>
  <testcase classname="GroupingPractice.Testcase2" name="test6" time="0.002"/>
  <testcase classname="GroupingPractice.Testcase3" name="test9" time="0.003"/>
  <testcase classname="GroupingPractice.Testcase1" name="test2" time="0.0">
    <ignored/>
  </testcase> <!-- test2 -->
  <testcase classname="GroupingPractice.Testcase1" name="test1" time="0.0">
    <ignored/>
  </testcase> <!-- test1 -->
  <testcase classname="GroupingPractice.Testcase2" name="test5" time="0.0">
    <ignored/>
  </testcase> <!-- test5 -->
  <testcase classname="GroupingPractice.Testcase3" name="test7" time="0.0">
    <ignored/>
  </testcase> <!-- test7 -->
  <testcase classname="GroupingPractice.Testcase2" name="test4" time="0.0">
    <ignored/>
  </testcase> <!-- test4 -->
  <testcase classname="GroupingPractice.Testcase3" name="test8" time="0.0">
    <ignored/>
  </testcase> <!-- test8 -->
</testsuite> <!-- regression Test -->
