<?xml version="1.0" encoding="UTF-8"?>
<!-- Generated by org.testng.reporters.JUnitXMLReporter -->
<testsuite ignored="6" hostname="DESKTOP-16E76H9" failures="0" tests="3" name="smoke Test" time="0.128" errors="0" timestamp="2022-05-10T09:40:34 IST">
  <testcase classname="GroupingPractice.Testcase1" name="test1" time="0.011"/>
  <testcase classname="GroupingPractice.Testcase2" name="test4" time="0.003"/>
  <testcase classname="GroupingPractice.Testcase3" name="test7" time="0.003"/>
  <testcase classname="GroupingPractice.Testcase1" name="test2" time="0.0">
    <ignored/>
  </testcase> <!-- test2 -->
  <testcase classname="GroupingPractice.Testcase1" name="test3" time="0.0">
    <ignored/>
  </testcase> <!-- test3 -->
  <testcase classname="GroupingPractice.Testcase2" name="test5" time="0.0">
    <ignored/>
  </testcase> <!-- test5 -->
  <testcase classname="GroupingPractice.Testcase2" name="test6" time="0.0">
    <ignored/>
  </testcase> <!-- test6 -->
  <testcase classname="GroupingPractice.Testcase3" name="test8" time="0.0">
    <ignored/>
  </testcase> <!-- test8 -->
  <testcase classname="GroupingPractice.Testcase3" name="test9" time="0.0">
    <ignored/>
  </testcase> <!-- test9 -->
</testsuite> <!-- smoke Test -->
