<?xml version="1.0" encoding="UTF-8"?>
<!-- Generated by org.testng.reporters.JUnitXMLReporter -->
<testsuite ignored="0" hostname="DESKTOP-16E76H9" failures="0" tests="9" name="Test" time="0.174" errors="0" timestamp="2022-05-06T12:32:08 IST">
  <testcase classname="GroupingPractice.Testcase2" name="test4" time="0.009"/>
  <testcase classname="GroupingPractice.Testcase2" name="test5" time="0.002"/>
  <testcase classname="GroupingPractice.Testcase2" name="test6" time="0.003"/>
  <testcase classname="GroupingPractice.Testcase3" name="test7" time="0.003"/>
  <testcase classname="GroupingPractice.Testcase3" name="test8" time="0.002"/>
  <testcase classname="GroupingPractice.Testcase3" name="test9" time="0.01"/>
  <testcase classname="GroupingPractice.Testcase1" name="test1" time="0.003"/>
  <testcase classname="GroupingPractice.Testcase1" name="test2" time="0.004"/>
  <testcase classname="GroupingPractice.Testcase1" name="test3" time="0.002"/>
</testsuite> <!-- Test -->
