<?xml version="1.0" encoding="UTF-8"?>
<!-- Generated by org.testng.reporters.JUnitXMLReporter -->
<testsuite ignored="0" hostname="DESKTOP-16E76H9" failures="0" tests="6" name="ChromeBrowserTest" time="20.108" errors="0" timestamp="2022-05-13T08:06:43 IST">
  <testcase classname="Parametarization_crossbrowser.AllBrowserTesting" name="CrossBrowserTesting" time="19.04"/>
  <testcase classname="Parametarization_crossbrowser.AllBrowserTesting" name="verifyCurrentUrl" time="0.029"/>
  <testcase classname="Parametarization_crossbrowser.AllBrowserTesting" name="verifyPageTitle" time="0.017"/>
  <testcase classname="Parametarization_crossbrowser.AllBrowserTesting" name="verifyUsernameField" time="0.386"/>
  <testcase classname="Parametarization_crossbrowser.AllBrowserTesting" name="verifyPasswordField" time="0.349"/>
  <testcase classname="Parametarization_crossbrowser.AllBrowserTesting" name="clickLoginButton" time="0.149"/>
</testsuite> <!-- ChromeBrowserTest -->
