<?xml version="1.0" encoding="UTF-8"?>
<!-- Generated by org.testng.reporters.JUnitXMLReporter -->
<testsuite ignored="0" hostname="DESKTOP-16E76H9" failures="0" tests="6" name="EdgeBrowserTest" time="30.379" errors="0" timestamp="2022-05-11T15:17:46 IST">
  <testcase classname="Parametarization_crossbrowser.AllBrowserTesting" name="CrossBrowserTesting" time="29.606"/>
  <testcase classname="Parametarization_crossbrowser.AllBrowserTesting" name="verifyCurrentUrl" time="0.011"/>
  <testcase classname="Parametarization_crossbrowser.AllBrowserTesting" name="verifyPageTitle" time="0.013"/>
  <testcase classname="Parametarization_crossbrowser.AllBrowserTesting" name="verifyUsernameField" time="0.235"/>
  <testcase classname="Parametarization_crossbrowser.AllBrowserTesting" name="verifyPasswordField" time="0.28"/>
  <testcase classname="Parametarization_crossbrowser.AllBrowserTesting" name="clickLoginButton" time="0.141"/>
</testsuite> <!-- EdgeBrowserTest -->
