<?xml version="1.0" encoding="UTF-8"?>
<!-- Generated by org.testng.reporters.JUnitXMLReporter -->
<testsuite ignored="0" hostname="DESKTOP-16E76H9" failures="0" tests="6" name="FirefoxBrowserTest" time="41.701" errors="0" timestamp="2022-05-13T08:07:04 IST">
  <testcase classname="Parametarization_crossbrowser.AllBrowserTesting" name="CrossBrowserTesting" time="37.3"/>
  <testcase classname="Parametarization_crossbrowser.AllBrowserTesting" name="verifyCurrentUrl" time="0.009"/>
  <testcase classname="Parametarization_crossbrowser.AllBrowserTesting" name="verifyPageTitle" time="0.009"/>
  <testcase classname="Parametarization_crossbrowser.AllBrowserTesting" name="verifyUsernameField" time="1.089"/>
  <testcase classname="Parametarization_crossbrowser.AllBrowserTesting" name="verifyPasswordField" time="0.364"/>
  <testcase classname="Parametarization_crossbrowser.AllBrowserTesting" name="clickLoginButton" time="2.808"/>
</testsuite> <!-- FirefoxBrowserTest -->
