<?xml version="1.0" encoding="UTF-8"?>
<!-- Generated by org.testng.reporters.JUnitReportReporter -->
<testsuite hostname="DESKTOP-16E76H9" failures="0" tests="3" name="TestAnnotation.Testcase2" time="0.012" errors="0" timestamp="2022-05-04T09:49:47 IST" skipped="0">
  <testcase classname="TestAnnotation.Testcase2" name="m5" time="0.005"/>
  <system-out/>
  <testcase classname="TestAnnotation.Testcase2" name="m6" time="0.004"/>
  <system-out/>
  <testcase classname="TestAnnotation.Testcase2" name="m4" time="0.003"/>
  <system-out/>
</testsuite> <!-- TestAnnotation.Testcase2 -->
